0 info it worked if it ends with ok
1 verbose cli [ '/Users/keithbarney/.nvm/versions/node/v5.0.0/bin/node',
1 verbose cli   '/Users/keithbarney/.nvm/versions/node/v5.0.0/bin/npm',
1 verbose cli   'run',
1 verbose cli   'dev' ]
2 info using npm@3.3.6
3 info using node@v5.0.0
4 verbose run-script [ 'predev', 'dev', 'postdev' ]
5 info lifecycle 18vofficial.com@1.0.0~predev: 18vofficial.com@1.0.0
6 silly lifecycle 18vofficial.com@1.0.0~predev: no script for predev, continuing
7 info lifecycle 18vofficial.com@1.0.0~dev: 18vofficial.com@1.0.0
8 verbose lifecycle 18vofficial.com@1.0.0~dev: unsafe-perm in lifecycle true
9 verbose lifecycle 18vofficial.com@1.0.0~dev: PATH: /Users/keithbarney/.nvm/versions/node/v5.0.0/lib/node_modules/npm/bin/node-gyp-bin:/Users/keithbarney/Desktop/18vofficial.com/node_modules/.bin:/Users/keithbarney/.nvm/versions/node/v5.0.0/bin:/Users/keithbarney/.rvm/gems/ruby-2.0.0-p247/bin:/Users/keithbarney/.rvm/gems/ruby-2.0.0-p247@global/bin:/Users/keithbarney/.rvm/rubies/ruby-2.0.0-p247/bin:/usr/local/bin:/usr/local/bin:/usr/bin:/bin:/usr/sbin:/sbin:/Users/keithbarney/.rvm/bin
10 verbose lifecycle 18vofficial.com@1.0.0~dev: CWD: /Users/keithbarney/Desktop/18vofficial.com
11 silly lifecycle 18vofficial.com@1.0.0~dev: Args: [ '-c', 'gulp dev' ]
12 silly lifecycle 18vofficial.com@1.0.0~dev: Returned: code: 1  signal: null
13 info lifecycle 18vofficial.com@1.0.0~dev: Failed to exec dev script
14 verbose stack Error: 18vofficial.com@1.0.0 dev: `gulp dev`
14 verbose stack Exit status 1
14 verbose stack     at EventEmitter.<anonymous> (/Users/keithbarney/.nvm/versions/node/v5.0.0/lib/node_modules/npm/lib/utils/lifecycle.js:233:16)
14 verbose stack     at emitTwo (events.js:87:13)
14 verbose stack     at EventEmitter.emit (events.js:172:7)
14 verbose stack     at ChildProcess.<anonymous> (/Users/keithbarney/.nvm/versions/node/v5.0.0/lib/node_modules/npm/lib/utils/spawn.js:24:14)
14 verbose stack     at emitTwo (events.js:87:13)
14 verbose stack     at ChildProcess.emit (events.js:172:7)
14 verbose stack     at maybeClose (internal/child_process.js:818:16)
14 verbose stack     at Process.ChildProcess._handle.onexit (internal/child_process.js:211:5)
15 verbose pkgid 18vofficial.com@1.0.0
16 verbose cwd /Users/keithbarney/Desktop/18vofficial.com
17 error Darwin 16.5.0
18 error argv "/Users/keithbarney/.nvm/versions/node/v5.0.0/bin/node" "/Users/keithbarney/.nvm/versions/node/v5.0.0/bin/npm" "run" "dev"
19 error node v5.0.0
20 error npm  v3.3.6
21 error code ELIFECYCLE
22 error 18vofficial.com@1.0.0 dev: `gulp dev`
22 error Exit status 1
23 error Failed at the 18vofficial.com@1.0.0 dev script 'gulp dev'.
23 error This is most likely a problem with the 18vofficial.com package,
23 error not with npm itself.
23 error Tell the author that this fails on your system:
23 error     gulp dev
23 error You can get their info via:
23 error     npm owner ls 18vofficial.com
23 error There is likely additional logging output above.
24 verbose exit [ 1, true ]
